0 info it worked if it ends with ok
1 verbose cli [ 'C:\\Program Files\\nodejs\\node.exe',
1 verbose cli   'C:\\Users\\Jason\\AppData\\Roaming\\npm\\node_modules\\npm\\bin\\npm-cli.js',
1 verbose cli   'start' ]
2 info using npm@3.10.7
3 info using node@v6.3.1
4 verbose run-script [ 'prestart', 'start', 'poststart' ]
5 info lifecycle react-weather@1.0.0~prestart: react-weather@1.0.0
6 silly lifecycle react-weather@1.0.0~prestart: no script for prestart, continuing
7 info lifecycle react-weather@1.0.0~start: react-weather@1.0.0
8 verbose lifecycle react-weather@1.0.0~start: unsafe-perm in lifecycle true
9 verbose lifecycle react-weather@1.0.0~start: PATH: C:\Users\Jason\AppData\Roaming\npm\node_modules\npm\bin\node-gyp-bin;C:\Users\Jason\Desktop\TheCompleteReactCourse\Timer\node_modules\.bin;c:\program files\graphicsmagick-1.3.21-q8;C:\app\User\product\11.2.0\dbhome_1\bin;C:\ProgramData\Oracle\Java\javapath;C:\Program Files (x86)\NVIDIA Corporation\PhysX\Common;c:\Program Files (x86)\Intel\iCLS Client\;c:\Program Files\Intel\iCLS Client\;C:\WINDOWS\system32;C:\WINDOWS;C:\WINDOWS\System32\Wbem;C:\WINDOWS\System32\WindowsPowerShell\v1.0\;C:\Program Files (x86)\Windows Live\Shared;C:\Program Files\Intel\Intel(R) Management Engine Components\DAL;C:\Program Files\Intel\Intel(R) Management Engine Components\IPT;C:\Program Files (x86)\Intel\Intel(R) Management Engine Components\DAL;C:\Program Files (x86)\Intel\Intel(R) Management Engine Components\IPT;C:\Program Files\Microsoft\Web Platform Installer\;C:\Program Files (x86)\Microsoft ASP.NET\ASP.NET Web Pages\v1.0\;C:\Program Files\Microsoft SQL Server\110\Tools\Binn\;C:\Program Files (x86)\Windows Kits\8.1\Windows Performance Toolkit\;C:\Program Files\Git\cmd;C:\Program Files (x86)\Heroku\bin;C:\Program Files (x86)\git\cmd;C:\Program Files\MongoDB\Server\3.2\bin;C:\\Users\Jason\AppData\Roaming\npm;C:\Program Files (x86)\MySQL\MySQL Fabric 1.5 & MySQL Utilities 1.5\;C:\Program Files\Java\jre1.8.0_73\bin;C:\ProgramData\chocolatey\bin;C:\Python27\Scripts;C:\Program Files\nodejs\;C:\Program Files (x86)\Brackets\command;C:\Python27;C:\Program Files (x86)\Microsoft VS Code\bin;C:\Users\Jason\AppData\Roaming\npm;C:\Users\Jason\AppData\Local\atom\bin
10 verbose lifecycle react-weather@1.0.0~start: CWD: C:\Users\Jason\Desktop\TheCompleteReactCourse\Timer
11 silly lifecycle react-weather@1.0.0~start: Args: [ '/d /s /c', 'node server.js' ]
12 silly lifecycle react-weather@1.0.0~start: Returned: code: 1  signal: null
13 info lifecycle react-weather@1.0.0~start: Failed to exec start script
14 verbose stack Error: react-weather@1.0.0 start: `node server.js`
14 verbose stack Exit status 1
14 verbose stack     at EventEmitter.<anonymous> (C:\Users\Jason\AppData\Roaming\npm\node_modules\npm\lib\utils\lifecycle.js:255:16)
14 verbose stack     at emitTwo (events.js:106:13)
14 verbose stack     at EventEmitter.emit (events.js:191:7)
14 verbose stack     at ChildProcess.<anonymous> (C:\Users\Jason\AppData\Roaming\npm\node_modules\npm\lib\utils\spawn.js:40:14)
14 verbose stack     at emitTwo (events.js:106:13)
14 verbose stack     at ChildProcess.emit (events.js:191:7)
14 verbose stack     at maybeClose (internal/child_process.js:852:16)
14 verbose stack     at Process.ChildProcess._handle.onexit (internal/child_process.js:215:5)
15 verbose pkgid react-weather@1.0.0
16 verbose cwd C:\Users\Jason\Desktop\TheCompleteReactCourse\Timer
17 error Windows_NT 10.0.10586
18 error argv "C:\\Program Files\\nodejs\\node.exe" "C:\\Users\\Jason\\AppData\\Roaming\\npm\\node_modules\\npm\\bin\\npm-cli.js" "start"
19 error node v6.3.1
20 error npm  v3.10.7
21 error code ELIFECYCLE
22 error react-weather@1.0.0 start: `node server.js`
22 error Exit status 1
23 error Failed at the react-weather@1.0.0 start script 'node server.js'.
23 error Make sure you have the latest version of node.js and npm installed.
23 error If you do, this is most likely a problem with the react-weather package,
23 error not with npm itself.
23 error Tell the author that this fails on your system:
23 error     node server.js
23 error You can get information on how to open an issue for this project with:
23 error     npm bugs react-weather
23 error Or if that isn't available, you can get their info via:
23 error     npm owner ls react-weather
23 error There is likely additional logging output above.
24 verbose exit [ 1, true ]
